<?xml version="1.0" encoding="UTF-8"?>
<!-- Generated by org.testng.reporters.JUnitReportReporter -->
<testsuite hostname="Furkan-MacBook-Pro-2.local" failures="0" tests="3" name="tests.NegativePostTests" time="0.131" errors="0" timestamp="2021-06-10T13:53:59 EET" skipped="0">
  <testcase classname="tests.NegativePostTests" name="verifyGetUserWithInvalidNameReturnsAnEmptyArray" time="0.040"/>
  <system-out/>
  <testcase classname="tests.NegativePostTests" name="verifyGetPostCommentsByInvalidPostIdReturnsAnEmptyArray" time="0.044"/>
  <system-out/>
  <testcase classname="tests.NegativePostTests" name="verifyGetPostsByInvalidUserIdReturnsAnEmptyArray" time="0.047"/>
  <system-out/>
</testsuite> <!-- tests.NegativePostTests -->
