<?xml version="1.0" encoding="UTF-8"?>
<!-- Generated by org.testng.reporters.JUnitReportReporter -->
<testsuite hostname="Furkan-MacBook-Pro-2.local" failures="0" tests="4" name="tests.PostTests" time="2.582" errors="0" timestamp="2021-06-10T13:53:59 EET" skipped="0">
  <testcase classname="tests.PostTests" name="checkGetAllUsers" time="1.014"/>
  <system-out/>
  <testcase classname="tests.PostTests" name="checkGetPostsByUserId" time="0.447"/>
  <system-out/>
  <testcase classname="tests.PostTests" name="checkPostComments" time="0.742"/>
  <system-out/>
  <testcase classname="tests.PostTests" name="checkGetUser" time="0.379"/>
  <system-out/>
</testsuite> <!-- tests.PostTests -->
